11.2s 1 /opt/conda/lib/python3.7/site-packages/papermill/iorw.py:50: FutureWarning: pyarrow.HadoopFileSystem is deprecated as of 2.0.0, please use pyarrow.fs.HadoopFileSystem instead.
11.2s 2 from pyarrow import HadoopFileSystem
13.6s 3 Collecting natsort
14.1s 4 Downloading natsort-8.1.0-py3-none-any.whl (37 kB)
20.1s 5 Installing collected packages: natsort
20.3s 6 Successfully installed natsort-8.1.0
20.3s 7 [33mWARNING: Running pip as the 'root' user can result in broken permissions and conflicting behaviour with the system package manager. It is recommended to use a virtual environment instead: https://pip.pypa.io/warnings/venv[0m
22.7s 8 Random Seed:  999
31.2s 9 Discriminator(
31.2s 10 (main): Sequential(
31.2s 11 (0): Conv2d(3, 64, kernel_size=(4, 4), stride=(2, 2), padding=(1, 1), bias=False)
31.2s 12 (1): LeakyReLU(negative_slope=0.2, inplace=True)
31.2s 13 (2): Conv2d(64, 128, kernel_size=(4, 4), stride=(2, 2), padding=(1, 1), bias=False)
31.2s 14 (3): BatchNorm2d(128, eps=1e-05, momentum=0.1, affine=True, track_running_stats=True)
31.2s 15 (4): LeakyReLU(negative_slope=0.2, inplace=True)
31.2s 16 (5): Conv2d(128, 256, kernel_size=(4, 4), stride=(2, 2), padding=(1, 1), bias=False)
31.2s 17 (6): BatchNorm2d(256, eps=1e-05, momentum=0.1, affine=True, track_running_stats=True)
31.2s 18 (7): LeakyReLU(negative_slope=0.2, inplace=True)
31.2s 19 (8): Conv2d(256, 512, kernel_size=(4, 4), stride=(2, 2), padding=(1, 1), bias=False)
31.2s 20 (9): BatchNorm2d(512, eps=1e-05, momentum=0.1, affine=True, track_running_stats=True)
31.2s 21 (10): LeakyReLU(negative_slope=0.2, inplace=True)
31.2s 22 (11): Conv2d(512, 1, kernel_size=(4, 4), stride=(1, 1), bias=False)
31.2s 23 (12): Sigmoid()
31.2s 24 )
31.2s 25 )
31.3s 26 Generator(
31.3s 27 (main): Sequential(
31.3s 28 (0): ConvTranspose2d(100, 512, kernel_size=(4, 4), stride=(1, 1), bias=False)
31.3s 29 (1): BatchNorm2d(512, eps=1e-05, momentum=0.1, affine=True, track_running_stats=True)
31.3s 30 (2): ReLU(inplace=True)
31.3s 31 (3): ConvTranspose2d(512, 256, kernel_size=(4, 4), stride=(2, 2), padding=(1, 1), bias=False)
31.3s 32 (4): BatchNorm2d(256, eps=1e-05, momentum=0.1, affine=True, track_running_stats=True)
31.3s 33 (5): ReLU(inplace=True)
31.3s 34 (6): ConvTranspose2d(256, 128, kernel_size=(4, 4), stride=(2, 2), padding=(1, 1), bias=False)
31.3s 35 (7): BatchNorm2d(128, eps=1e-05, momentum=0.1, affine=True, track_running_stats=True)
31.3s 36 (8): ReLU(inplace=True)
31.3s 37 (9): ConvTranspose2d(128, 64, kernel_size=(4, 4), stride=(2, 2), padding=(1, 1), bias=False)
31.3s 38 (10): BatchNorm2d(64, eps=1e-05, momentum=0.1, affine=True, track_running_stats=True)
31.3s 39 (11): ReLU(inplace=True)
31.3s 40 (12): ConvTranspose2d(64, 3, kernel_size=(4, 4), stride=(2, 2), padding=(1, 1), bias=False)
31.3s 41 (13): Tanh()
31.3s 42 )
31.3s 43 )
133.7s 44 [0/20][100/1583]	Loss_D: 0.0810	Loss_G: 5.2818	D(x): 0.9964	D(G(z)): 0.0645
222.3s 45 [0/20][200/1583]	Loss_D: 0.1120	Loss_G: 5.3055	D(x): 0.9423	D(G(z)): 0.0331
311.0s 46 [0/20][300/1583]	Loss_D: 0.1709	Loss_G: 5.6484	D(x): 0.9415	D(G(z)): 0.0457
403.0s 47 [0/20][400/1583]	Loss_D: 0.0423	Loss_G: 7.0097	D(x): 0.9796	D(G(z)): 0.0136
499.7s 48 [0/20][500/1583]	Loss_D: 0.0988	Loss_G: 6.4075	D(x): 0.9592	D(G(z)): 0.0414
596.3s 49 [0/20][600/1583]	Loss_D: 0.1547	Loss_G: 5.3552	D(x): 0.9081	D(G(z)): 0.0072
691.8s 50 [0/20][700/1583]	Loss_D: 0.0154	Loss_G: 12.4427	D(x): 0.9882	D(G(z)): 0.0003
794.5s 51 [0/20][800/1583]	Loss_D: 0.4814	Loss_G: 6.8901	D(x): 0.7988	D(G(z)): 0.0008
885.3s 52 [0/20][900/1583]	Loss_D: 0.0159	Loss_G: 8.8718	D(x): 0.9983	D(G(z)): 0.0136
976.8s 53 [0/20][1000/1583]	Loss_D: 0.0776	Loss_G: 11.2564	D(x): 0.9502	D(G(z)): 0.0014
1069.3s 54 [0/20][1100/1583]	Loss_D: 0.1720	Loss_G: 5.7379	D(x): 0.9173	D(G(z)): 0.0242
1164.7s 55 [0/20][1200/1583]	Loss_D: 0.0985	Loss_G: 9.1654	D(x): 0.9361	D(G(z)): 0.0003
1255.9s 56 [0/20][1300/1583]	Loss_D: 0.0192	Loss_G: 9.0953	D(x): 0.9854	D(G(z)): 0.0035
1355.0s 57 [0/20][1400/1583]	Loss_D: 0.0109	Loss_G: 8.7034	D(x): 0.9945	D(G(z)): 0.0049
1444.2s 58 [0/20][1500/1583]	Loss_D: 0.0561	Loss_G: 8.6654	D(x): 0.9645	D(G(z)): 0.0079
1522.0s 59 0.9666362593005232 0
1522.0s 60 Time for EPOCH: 24.611
1529.0s 61 [1/20][1600/3166]	Loss_D: 0.1152	Loss_G: 8.4261	D(x): 0.9386	D(G(z)): 0.0098
1561.7s 62 [1/20][1700/3166]	Loss_D: 0.0093	Loss_G: 9.6778	D(x): 0.9978	D(G(z)): 0.0069
1597.3s 63 [1/20][1800/3166]	Loss_D: 0.0488	Loss_G: 6.9412	D(x): 0.9939	D(G(z)): 0.0374
1631.3s 64 [1/20][1900/3166]	Loss_D: 0.1206	Loss_G: 10.6679	D(x): 0.9289	D(G(z)): 0.0064
1665.5s 65 [1/20][2000/3166]	Loss_D: 0.1440	Loss_G: 6.7933	D(x): 0.9240	D(G(z)): 0.0328
1698.2s 66 [1/20][2100/3166]	Loss_D: 0.0278	Loss_G: 8.0703	D(x): 0.9985	D(G(z)): 0.0236
1730.9s 67 [1/20][2200/3166]	Loss_D: 0.0257	Loss_G: 6.9338	D(x): 0.9832	D(G(z)): 0.0056
1764.0s 68 [1/20][2300/3166]	Loss_D: 0.0280	Loss_G: 6.5300	D(x): 0.9999	D(G(z)): 0.0249
1796.8s 69 [1/20][2400/3166]	Loss_D: 0.0317	Loss_G: 6.9315	D(x): 0.9979	D(G(z)): 0.0245
1829.8s 70 [1/20][2500/3166]	Loss_D: 0.1216	Loss_G: 8.5799	D(x): 0.9220	D(G(z)): 0.0073
1863.4s 71 [1/20][2600/3166]	Loss_D: 0.0048	Loss_G: 9.6678	D(x): 0.9956	D(G(z)): 0.0003
1896.0s 72 [1/20][2700/3166]	Loss_D: 0.0574	Loss_G: 6.7276	D(x): 0.9759	D(G(z)): 0.0107
1928.9s 73 [1/20][2800/3166]	Loss_D: 1.0459	Loss_G: 5.2005	D(x): 0.5585	D(G(z)): 0.0000
1963.7s 74 [1/20][2900/3166]	Loss_D: 0.0421	Loss_G: 10.1600	D(x): 0.9751	D(G(z)): 0.0034
1996.4s 75 [1/20][3000/3166]	Loss_D: 0.1127	Loss_G: 5.1926	D(x): 0.9800	D(G(z)): 0.0673
2029.3s 76 [1/20][3100/3166]	Loss_D: 0.3141	Loss_G: 9.4238	D(x): 0.8236	D(G(z)): 0.0006
2051.1s 77 0.9748521389572918 1
2051.1s 78 Time for EPOCH: 8.794
2064.8s 79 [2/20][3200/4749]	Loss_D: 0.4799	Loss_G: 8.3929	D(x): 0.7688	D(G(z)): 0.0007
2099.5s 80 [2/20][3300/4749]	Loss_D: 0.0214	Loss_G: 8.6313	D(x): 0.9911	D(G(z)): 0.0080
2134.7s 81 [2/20][3400/4749]	Loss_D: 0.0608	Loss_G: 6.5863	D(x): 0.9885	D(G(z)): 0.0375
2170.1s 82 [2/20][3500/4749]	Loss_D: 0.0436	Loss_G: 7.6224	D(x): 0.9854	D(G(z)): 0.0192
2205.5s 83 [2/20][3600/4749]	Loss_D: 0.0675	Loss_G: 6.8383	D(x): 0.9545	D(G(z)): 0.0093
2240.9s 84 [2/20][3700/4749]	Loss_D: 0.0325	Loss_G: 8.2441	D(x): 0.9749	D(G(z)): 0.0010
2276.1s 85 [2/20][3800/4749]	Loss_D: 0.0630	Loss_G: 4.5787	D(x): 0.9822	D(G(z)): 0.0276
2308.7s 86 [2/20][3900/4749]	Loss_D: 0.0317	Loss_G: 7.8851	D(x): 0.9764	D(G(z)): 0.0029
2341.4s 87 [2/20][4000/4749]	Loss_D: 0.0863	Loss_G: 7.7093	D(x): 0.9538	D(G(z)): 0.0128
2374.2s 88 [2/20][4100/4749]	Loss_D: 0.0114	Loss_G: 7.3329	D(x): 0.9937	D(G(z)): 0.0047
2407.1s 89 [2/20][4200/4749]	Loss_D: 0.0311	Loss_G: 10.0654	D(x): 0.9767	D(G(z)): 0.0006
2439.8s 90 [2/20][4300/4749]	Loss_D: 0.0300	Loss_G: 7.5117	D(x): 0.9998	D(G(z)): 0.0248
2472.4s 91 [2/20][4400/4749]	Loss_D: 0.0650	Loss_G: 8.8154	D(x): 0.9669	D(G(z)): 0.0164
2505.2s 92 [2/20][4500/4749]	Loss_D: 0.0983	Loss_G: 6.0385	D(x): 0.9997	D(G(z)): 0.0792
2537.9s 93 [2/20][4600/4749]	Loss_D: 0.2286	Loss_G: 7.6760	D(x): 0.9990	D(G(z)): 0.1552
2570.8s 94 [2/20][4700/4749]	Loss_D: 0.0955	Loss_G: 6.8711	D(x): 0.9522	D(G(z)): 0.0247
2586.5s 95 0.972198489732731 2
2586.5s 96 Time for EPOCH: 8.896
2604.9s 97 [3/20][4800/6332]	Loss_D: 0.0473	Loss_G: 5.5190	D(x): 0.9778	D(G(z)): 0.0217
2637.8s 98 [3/20][4900/6332]	Loss_D: 0.0588	Loss_G: 7.4809	D(x): 0.9738	D(G(z)): 0.0047
2671.0s 99 [3/20][5000/6332]	Loss_D: 0.0335	Loss_G: 6.3368	D(x): 0.9916	D(G(z)): 0.0220
2703.5s 100 [3/20][5100/6332]	Loss_D: 0.0785	Loss_G: 5.5516	D(x): 0.9941	D(G(z)): 0.0548
2736.2s 101 [3/20][5200/6332]	Loss_D: 0.1545	Loss_G: 8.9769	D(x): 0.8963	D(G(z)): 0.0019
2768.9s 102 [3/20][5300/6332]	Loss_D: 0.0633	Loss_G: 6.1656	D(x): 0.9974	D(G(z)): 0.0488
2802.8s 103 [3/20][5400/6332]	Loss_D: 0.0620	Loss_G: 8.8755	D(x): 0.9538	D(G(z)): 0.0054
2838.0s 104 [3/20][5500/6332]	Loss_D: 0.0129	Loss_G: 10.1994	D(x): 0.9912	D(G(z)): 0.0034
2873.3s 105 [3/20][5600/6332]	Loss_D: 0.1675	Loss_G: 8.8657	D(x): 0.9006	D(G(z)): 0.0070
2908.6s 106 [3/20][5700/6332]	Loss_D: 0.1132	Loss_G: 4.4495	D(x): 0.9390	D(G(z)): 0.0165
2944.2s 107 [3/20][5800/6332]	Loss_D: 0.0622	Loss_G: 6.7174	D(x): 0.9791	D(G(z)): 0.0314
2978.9s 108 [3/20][5900/6332]	Loss_D: 0.1041	Loss_G: 7.8930	D(x): 0.9348	D(G(z)): 0.0045
3011.7s 109 [3/20][6000/6332]	Loss_D: 0.1178	Loss_G: 7.2411	D(x): 0.9309	D(G(z)): 0.0103
3044.3s 110 [3/20][6100/6332]	Loss_D: 0.1059	Loss_G: 6.3565	D(x): 0.9578	D(G(z)): 0.0172
3076.8s 111 [3/20][6200/6332]	Loss_D: 0.0711	Loss_G: 6.3385	D(x): 0.9532	D(G(z)): 0.0105
3110.0s 112 [3/20][6300/6332]	Loss_D: 0.1177	Loss_G: 6.8022	D(x): 0.9998	D(G(z)): 0.0800
3120.6s 113 0.9685829579009259 3
3120.6s 114 Time for EPOCH: 8.874
3144.1s 115 [4/20][6400/7915]	Loss_D: 0.2064	Loss_G: 7.1697	D(x): 0.9978	D(G(z)): 0.1207
3176.7s 116 [4/20][6500/7915]	Loss_D: 0.1530	Loss_G: 5.5647	D(x): 0.9982	D(G(z)): 0.1105
3210.1s 117 [4/20][6600/7915]	Loss_D: 0.1127	Loss_G: 5.7453	D(x): 0.9926	D(G(z)): 0.0802
3242.4s 118 [4/20][6700/7915]	Loss_D: 0.1782	Loss_G: 4.8411	D(x): 0.9589	D(G(z)): 0.0886
3274.8s 119 [4/20][6800/7915]	Loss_D: 0.2159	Loss_G: 5.4038	D(x): 0.9698	D(G(z)): 0.1112
3307.7s 120 [4/20][6900/7915]	Loss_D: 0.0865	Loss_G: 7.0853	D(x): 0.9927	D(G(z)): 0.0433
3340.4s 121 [4/20][7000/7915]	Loss_D: 0.0533	Loss_G: 7.8114	D(x): 0.9562	D(G(z)): 0.0009
3372.9s 122 [4/20][7100/7915]	Loss_D: 0.0558	Loss_G: 6.4662	D(x): 0.9925	D(G(z)): 0.0348
3405.5s 123 [4/20][7200/7915]	Loss_D: 0.0953	Loss_G: 6.5082	D(x): 0.9712	D(G(z)): 0.0522
3438.0s 124 [4/20][7300/7915]	Loss_D: 0.0483	Loss_G: 9.3574	D(x): 0.9676	D(G(z)): 0.0074
3470.6s 125 [4/20][7400/7915]	Loss_D: 0.1117	Loss_G: 7.3256	D(x): 0.9256	D(G(z)): 0.0099
3503.5s 126 [4/20][7500/7915]	Loss_D: 0.2278	Loss_G: 6.8973	D(x): 0.9916	D(G(z)): 0.1490
3536.5s 127 [4/20][7600/7915]	Loss_D: 0.0782	Loss_G: 5.9065	D(x): 0.9815	D(G(z)): 0.0520
3569.2s 128 [4/20][7700/7915]	Loss_D: 0.0639	Loss_G: 9.1378	D(x): 0.9507	D(G(z)): 0.0036
3601.8s 129 [4/20][7800/7915]	Loss_D: 0.0741	Loss_G: 3.7937	D(x): 0.9984	D(G(z)): 0.0614
3634.5s 130 [4/20][7900/7915]	Loss_D: 0.4637	Loss_G: 4.7019	D(x): 0.7789	D(G(z)): 0.0141
3639.1s 131 0.9627782050346116 4
3639.1s 132 Time for EPOCH: 8.616
3668.9s 133 [5/20][8000/9498]	Loss_D: 0.0495	Loss_G: 6.8420	D(x): 0.9751	D(G(z)): 0.0176
3701.9s 134 [5/20][8100/9498]	Loss_D: 0.0426	Loss_G: 12.0645	D(x): 0.9648	D(G(z)): 0.0003
3735.5s 135 [5/20][8200/9498]	Loss_D: 0.3012	Loss_G: 9.8986	D(x): 0.8316	D(G(z)): 0.0011
3768.4s 136 [5/20][8300/9498]	Loss_D: 0.1020	Loss_G: 7.6805	D(x): 0.9287	D(G(z)): 0.0047
3801.8s 137 [5/20][8400/9498]	Loss_D: 0.1032	Loss_G: 10.2060	D(x): 0.9350	D(G(z)): 0.0017
3835.2s 138 [5/20][8500/9498]	Loss_D: 0.1624	Loss_G: 12.9414	D(x): 0.8945	D(G(z)): 0.0001
3868.5s 139 [5/20][8600/9498]	Loss_D: 0.0514	Loss_G: 6.3385	D(x): 0.9740	D(G(z)): 0.0125
3902.2s 140 [5/20][8700/9498]	Loss_D: 0.1235	Loss_G: 5.0838	D(x): 0.9921	D(G(z)): 0.0816
3936.5s 141 [5/20][8800/9498]	Loss_D: 0.0384	Loss_G: 8.0389	D(x): 0.9849	D(G(z)): 0.0168
3970.6s 142 [5/20][8900/9498]	Loss_D: 0.0725	Loss_G: 6.4962	D(x): 0.9996	D(G(z)): 0.0410
4005.1s 143 [5/20][9000/9498]	Loss_D: 0.1918	Loss_G: 5.7096	D(x): 0.9809	D(G(z)): 0.1226
4039.6s 144 [5/20][9100/9498]	Loss_D: 0.0314	Loss_G: 6.3617	D(x): 0.9968	D(G(z)): 0.0261
4074.1s 145 [5/20][9200/9498]	Loss_D: 0.2021	Loss_G: 7.5915	D(x): 0.9530	D(G(z)): 0.0960
4108.4s 146 [5/20][9300/9498]	Loss_D: 0.0680	Loss_G: 6.6490	D(x): 0.9861	D(G(z)): 0.0441
4142.9s 147 [5/20][9400/9498]	Loss_D: 0.0365	Loss_G: 7.8239	D(x): 0.9887	D(G(z)): 0.0209
4176.7s 148 0.9659401159290815 5
4176.7s 149 Time for EPOCH: 8.929
4178.8s 150 [6/20][9500/11081]	Loss_D: 0.0765	Loss_G: 8.4072	D(x): 0.9491	D(G(z)): 0.0099
4213.6s 151 [6/20][9600/11081]	Loss_D: 0.0148	Loss_G: 7.4360	D(x): 0.9926	D(G(z)): 0.0068
4247.9s 152 [6/20][9700/11081]	Loss_D: 0.0578	Loss_G: 6.6959	D(x): 0.9778	D(G(z)): 0.0256
4282.3s 153 [6/20][9800/11081]	Loss_D: 0.1122	Loss_G: 6.0014	D(x): 0.9994	D(G(z)): 0.0796
4318.9s 154 [6/20][9900/11081]	Loss_D: 0.1511	Loss_G: 6.3801	D(x): 0.9147	D(G(z)): 0.0024
4355.0s 155 [6/20][10000/11081]	Loss_D: 0.0480	Loss_G: 6.4853	D(x): 0.9883	D(G(z)): 0.0256
4387.6s 156 [6/20][10100/11081]	Loss_D: 0.0853	Loss_G: 5.7149	D(x): 0.9905	D(G(z)): 0.0622
4420.3s 157 [6/20][10200/11081]	Loss_D: 0.1608	Loss_G: 6.1347	D(x): 0.9925	D(G(z)): 0.1073
4453.1s 158 [6/20][10300/11081]	Loss_D: 0.0592	Loss_G: 7.3905	D(x): 0.9994	D(G(z)): 0.0492
4485.8s 159 [6/20][10400/11081]	Loss_D: 0.2322	Loss_G: 5.2071	D(x): 0.9964	D(G(z)): 0.1520
4518.2s 160 [6/20][10500/11081]	Loss_D: 0.0261	Loss_G: 7.5434	D(x): 0.9987	D(G(z)): 0.0220
4550.9s 161 [6/20][10600/11081]	Loss_D: 0.2124	Loss_G: 6.4716	D(x): 0.8694	D(G(z)): 0.0063
4583.5s 162 [6/20][10700/11081]	Loss_D: 0.0100	Loss_G: 7.4661	D(x): 0.9966	D(G(z)): 0.0064
4616.8s 163 [6/20][10800/11081]	Loss_D: 0.0241	Loss_G: 8.3678	D(x): 0.9832	D(G(z)): 0.0042
4649.5s 164 [6/20][10900/11081]	Loss_D: 0.0360	Loss_G: 6.3999	D(x): 0.9857	D(G(z)): 0.0188
4682.3s 165 [6/20][11000/11081]	Loss_D: 0.0310	Loss_G: 6.7485	D(x): 0.9991	D(G(z)): 0.0261
4708.6s 166 0.9665536467308109 6
4708.6s 167 Time for EPOCH: 8.840
4716.7s 168 [7/20][11100/12664]	Loss_D: 0.1103	Loss_G: 6.2763	D(x): 0.9942	D(G(z)): 0.0813
4750.0s 169 [7/20][11200/12664]	Loss_D: 0.1297	Loss_G: 8.4679	D(x): 0.9396	D(G(z)): 0.0153
4782.8s 170 [7/20][11300/12664]	Loss_D: 0.0913	Loss_G: 12.9637	D(x): 0.9363	D(G(z)): 0.0001
4817.0s 171 [7/20][11400/12664]	Loss_D: 0.1276	Loss_G: 5.3702	D(x): 0.9310	D(G(z)): 0.0200
4849.6s 172 [7/20][11500/12664]	Loss_D: 0.2572	Loss_G: 5.6553	D(x): 0.8536	D(G(z)): 0.0124
4882.4s 173 [7/20][11600/12664]	Loss_D: 0.0504	Loss_G: 6.5660	D(x): 0.9984	D(G(z)): 0.0413
4914.9s 174 [7/20][11700/12664]	Loss_D: 0.0597	Loss_G: 6.6026	D(x): 0.9558	D(G(z)): 0.0075
4947.6s 175 [7/20][11800/12664]	Loss_D: 0.2653	Loss_G: 10.5704	D(x): 0.8596	D(G(z)): 0.0015
4980.4s 176 [7/20][11900/12664]	Loss_D: 0.3966	Loss_G: 11.6073	D(x): 0.7816	D(G(z)): 0.0001
5013.1s 177 [7/20][12000/12664]	Loss_D: 0.3345	Loss_G: 4.8393	D(x): 0.9593	D(G(z)): 0.1500
5047.8s 178 [7/20][12100/12664]	Loss_D: 0.1074	Loss_G: 7.1682	D(x): 0.9363	D(G(z)): 0.0188
5089.5s 179 [7/20][12200/12664]	Loss_D: 0.1091	Loss_G: 5.9243	D(x): 0.9462	D(G(z)): 0.0257
5137.6s 180 [7/20][12300/12664]	Loss_D: 0.0730	Loss_G: 5.6662	D(x): 0.9970	D(G(z)): 0.0582
5186.4s 181 [7/20][12400/12664]	Loss_D: 0.0597	Loss_G: 6.6098	D(x): 0.9941	D(G(z)): 0.0449
5236.4s 182 [7/20][12500/12664]	Loss_D: 0.0467	Loss_G: 6.1909	D(x): 0.9736	D(G(z)): 0.0145
5284.5s 183 [7/20][12600/12664]	Loss_D: 0.1345	Loss_G: 5.2613	D(x): 0.9998	D(G(z)): 0.1020
5314.9s 184 0.961383303126033 7
5314.9s 185 Time for EPOCH: 10.074
5333.3s 186 [8/20][12700/14247]	Loss_D: 0.1955	Loss_G: 4.9398	D(x): 0.8879	D(G(z)): 0.0083
5375.0s 187 [8/20][12800/14247]	Loss_D: 0.1134	Loss_G: 5.0203	D(x): 0.9901	D(G(z)): 0.0646
5408.6s 188 [8/20][12900/14247]	Loss_D: 0.2470	Loss_G: 8.0236	D(x): 0.8536	D(G(z)): 0.0027
5441.7s 189 [8/20][13000/14247]	Loss_D: 0.1369	Loss_G: 7.2942	D(x): 0.9815	D(G(z)): 0.0920
5474.5s 190 [8/20][13100/14247]	Loss_D: 0.0326	Loss_G: 7.8456	D(x): 0.9882	D(G(z)): 0.0188
5507.1s 191 [8/20][13200/14247]	Loss_D: 0.0808	Loss_G: 8.0649	D(x): 0.9482	D(G(z)): 0.0088
5539.6s 192 [8/20][13300/14247]	Loss_D: 0.0540	Loss_G: 6.7987	D(x): 0.9741	D(G(z)): 0.0091
5572.3s 193 [8/20][13400/14247]	Loss_D: 0.1819	Loss_G: 6.6826	D(x): 0.8865	D(G(z)): 0.0095
5605.5s 194 [8/20][13500/14247]	Loss_D: 0.1086	Loss_G: 4.7729	D(x): 0.9965	D(G(z)): 0.0801
5637.9s 195 [8/20][13600/14247]	Loss_D: 0.0213	Loss_G: 12.8304	D(x): 0.9815	D(G(z)): 0.0003
5670.7s 196 [8/20][13700/14247]	Loss_D: 0.1001	Loss_G: 7.2293	D(x): 0.9528	D(G(z)): 0.0299
5703.5s 197 [8/20][13800/14247]	Loss_D: 0.0618	Loss_G: 6.8290	D(x): 0.9927	D(G(z)): 0.0362
5736.2s 198 [8/20][13900/14247]	Loss_D: 0.2289	Loss_G: 4.6007	D(x): 0.9793	D(G(z)): 0.1383
5769.0s 199 [8/20][14000/14247]	Loss_D: 0.0550	Loss_G: 6.4393	D(x): 0.9731	D(G(z)): 0.0199
5801.6s 200 [8/20][14100/14247]	Loss_D: 1.0392	Loss_G: 4.1286	D(x): 0.9986	D(G(z)): 0.4573
5834.4s 201 [8/20][14200/14247]	Loss_D: 0.0860	Loss_G: 10.9127	D(x): 0.9436	D(G(z)): 0.0023
5850.2s 202 0.9598168466624043 8
5850.2s 203 Time for EPOCH: 8.896
5869.6s 204 [9/20][14300/15830]	Loss_D: 0.2727	Loss_G: 6.0506	D(x): 0.8664	D(G(z)): 0.0469
5902.2s 205 [9/20][14400/15830]	Loss_D: 0.1010	Loss_G: 6.5674	D(x): 0.9514	D(G(z)): 0.0329
5934.8s 206 [9/20][14500/15830]	Loss_D: 0.1021	Loss_G: 4.9691	D(x): 0.9508	D(G(z)): 0.0383
5967.7s 207 [9/20][14600/15830]	Loss_D: 0.2445	Loss_G: 5.2750	D(x): 0.9844	D(G(z)): 0.1621
6000.3s 208 [9/20][14700/15830]	Loss_D: 0.0211	Loss_G: 8.8436	D(x): 0.9857	D(G(z)): 0.0048
6033.3s 209 [9/20][14800/15830]	Loss_D: 0.0740	Loss_G: 3.6572	D(x): 0.9781	D(G(z)): 0.0283
6066.0s 210 [9/20][14900/15830]	Loss_D: 0.1388	Loss_G: 4.5281	D(x): 0.9968	D(G(z)): 0.1059
6098.7s 211 [9/20][15000/15830]	Loss_D: 0.1543	Loss_G: 6.6412	D(x): 0.9940	D(G(z)): 0.1194
6132.4s 212 [9/20][15100/15830]	Loss_D: 0.1314	Loss_G: 7.4470	D(x): 0.9970	D(G(z)): 0.0877
6165.0s 213 [9/20][15200/15830]	Loss_D: 0.0930	Loss_G: 5.8985	D(x): 0.9662	D(G(z)): 0.0422
6197.6s 214 [9/20][15300/15830]	Loss_D: 0.0330	Loss_G: 6.7004	D(x): 0.9982	D(G(z)): 0.0271
6231.0s 215 [9/20][15400/15830]	Loss_D: 0.0469	Loss_G: 7.6415	D(x): 0.9735	D(G(z)): 0.0159
6264.3s 216 [9/20][15500/15830]	Loss_D: 0.0989	Loss_G: 6.9941	D(x): 0.9508	D(G(z)): 0.0308
6297.2s 217 [9/20][15600/15830]	Loss_D: 0.5147	Loss_G: 4.9240	D(x): 0.9857	D(G(z)): 0.2859
6330.0s 218 [9/20][15700/15830]	Loss_D: 0.1115	Loss_G: 8.1880	D(x): 0.9776	D(G(z)): 0.0461
6362.6s 219 [9/20][15800/15830]	Loss_D: 0.1669	Loss_G: 5.9233	D(x): 0.9153	D(G(z)): 0.0257
6372.1s 220 /opt/conda/lib/python3.7/site-packages/ipykernel_launcher.py:21: RuntimeWarning: More than 20 figures have been opened. Figures created through the pyplot interface (`matplotlib.pyplot.figure`) are retained until explicitly closed and may consume too much memory. (To control this warning, see the rcParam `figure.max_open_warning`).
6372.1s 221 0.954577569427169 9
6372.1s 222 Time for EPOCH: 8.668
6396.7s 223 [10/20][15900/17413]	Loss_D: 0.1877	Loss_G: 5.7689	D(x): 0.9451	D(G(z)): 0.0707
6429.4s 224 [10/20][16000/17413]	Loss_D: 0.1429	Loss_G: 4.7887	D(x): 0.9897	D(G(z)): 0.0862
6462.3s 225 [10/20][16100/17413]	Loss_D: 0.0227	Loss_G: 5.9233	D(x): 0.9958	D(G(z)): 0.0152
6495.4s 226 [10/20][16200/17413]	Loss_D: 0.0347	Loss_G: 7.6286	D(x): 0.9758	D(G(z)): 0.0046
6528.4s 227 [10/20][16300/17413]	Loss_D: 0.2636	Loss_G: 2.7738	D(x): 0.9075	D(G(z)): 0.1046
6561.6s 228 [10/20][16400/17413]	Loss_D: 0.0280	Loss_G: 9.2190	D(x): 0.9893	D(G(z)): 0.0138
6594.6s 229 [10/20][16500/17413]	Loss_D: 0.0750	Loss_G: 5.3578	D(x): 0.9801	D(G(z)): 0.0490
6627.4s 230 [10/20][16600/17413]	Loss_D: 0.0860	Loss_G: 5.7821	D(x): 0.9858	D(G(z)): 0.0598
6660.3s 231 [10/20][16700/17413]	Loss_D: 0.1242	Loss_G: 7.1008	D(x): 0.9275	D(G(z)): 0.0032
6693.5s 232 [10/20][16800/17413]	Loss_D: 0.0378	Loss_G: 8.9112	D(x): 0.9794	D(G(z)): 0.0110
6726.7s 233 [10/20][16900/17413]	Loss_D: 0.0953	Loss_G: 5.3679	D(x): 0.9571	D(G(z)): 0.0376
6759.7s 234 [10/20][17000/17413]	Loss_D: 0.0831	Loss_G: 6.0547	D(x): 0.9832	D(G(z)): 0.0543
6792.5s 235 [10/20][17100/17413]	Loss_D: 0.2153	Loss_G: 6.5130	D(x): 0.9575	D(G(z)): 0.0996
6826.0s 236 [10/20][17200/17413]	Loss_D: 0.1660	Loss_G: 3.8926	D(x): 0.9775	D(G(z)): 0.0907
6859.0s 237 [10/20][17300/17413]	Loss_D: 0.1426	Loss_G: 5.1918	D(x): 0.9554	D(G(z)): 0.0643
6892.1s 238 [10/20][17400/17413]	Loss_D: 0.1954	Loss_G: 9.1807	D(x): 0.8777	D(G(z)): 0.0031
6896.1s 239 0.9538395033087037 10
6896.1s 240 Time for EPOCH: 8.708
6927.0s 241 [11/20][17500/18996]	Loss_D: 0.3239	Loss_G: 4.4830	D(x): 0.9860	D(G(z)): 0.2025
6959.9s 242 [11/20][17600/18996]	Loss_D: 0.0654	Loss_G: 5.4052	D(x): 0.9769	D(G(z)): 0.0299
6992.9s 243 [11/20][17700/18996]	Loss_D: 0.4403	Loss_G: 4.5579	D(x): 0.7655	D(G(z)): 0.0260
7025.6s 244 [11/20][17800/18996]	Loss_D: 0.2319	Loss_G: 6.3525	D(x): 0.9906	D(G(z)): 0.1398
7058.4s 245 [11/20][17900/18996]	Loss_D: 0.1068	Loss_G: 8.4368	D(x): 0.9240	D(G(z)): 0.0027
7091.1s 246 [11/20][18000/18996]	Loss_D: 0.0359	Loss_G: 10.5085	D(x): 0.9704	D(G(z)): 0.0034
7123.8s 247 [11/20][18100/18996]	Loss_D: 0.0474	Loss_G: 5.3306	D(x): 0.9896	D(G(z)): 0.0300
7156.7s 248 [11/20][18200/18996]	Loss_D: 0.1296	Loss_G: 4.5620	D(x): 0.9777	D(G(z)): 0.0811
7189.3s 249 [11/20][18300/18996]	Loss_D: 0.0970	Loss_G: 4.3599	D(x): 0.9857	D(G(z)): 0.0635
7222.4s 250 [11/20][18400/18996]	Loss_D: 0.0965	Loss_G: 4.7795	D(x): 0.9625	D(G(z)): 0.0456
7255.6s 251 [11/20][18500/18996]	Loss_D: 0.2972	Loss_G: 5.3421	D(x): 0.8517	D(G(z)): 0.0357
7288.7s 252 [11/20][18600/18996]	Loss_D: 0.2534	Loss_G: 5.8727	D(x): 0.8488	D(G(z)): 0.0140
7321.5s 253 [11/20][18700/18996]	Loss_D: 0.1041	Loss_G: 3.1196	D(x): 0.9962	D(G(z)): 0.0706
7354.2s 254 [11/20][18800/18996]	Loss_D: 0.2467	Loss_G: 9.7297	D(x): 0.8578	D(G(z)): 0.0149
7386.9s 255 [11/20][18900/18996]	Loss_D: 0.3552	Loss_G: 6.2755	D(x): 0.8695	D(G(z)): 0.1034
7418.3s 256 0.9468006486207692 11
7418.3s 257 Time for EPOCH: 8.669
7420.9s 258 [12/20][19000/20579]	Loss_D: 0.1516	Loss_G: 5.7643	D(x): 0.9965	D(G(z)): 0.1076
7453.9s 259 [12/20][19100/20579]	Loss_D: 0.1419	Loss_G: 6.1642	D(x): 0.9482	D(G(z)): 0.0481
7486.8s 260 [12/20][19200/20579]	Loss_D: 0.0692	Loss_G: 6.3572	D(x): 0.9722	D(G(z)): 0.0334
7519.4s 261 [12/20][19300/20579]	Loss_D: 0.1745	Loss_G: 3.6796	D(x): 0.9256	D(G(z)): 0.0621
7552.4s 262 [12/20][19400/20579]	Loss_D: 0.0974	Loss_G: 4.7601	D(x): 0.9717	D(G(z)): 0.0487
7585.7s 263 [12/20][19500/20579]	Loss_D: 0.1190	Loss_G: 4.4374	D(x): 0.9969	D(G(z)): 0.0892
7618.2s 264 [12/20][19600/20579]	Loss_D: 0.1109	Loss_G: 7.5862	D(x): 0.9586	D(G(z)): 0.0435
7651.0s 265 [12/20][19700/20579]	Loss_D: 0.3243	Loss_G: 9.5103	D(x): 0.7983	D(G(z)): 0.0014
7683.9s 266 [12/20][19800/20579]	Loss_D: 0.1608	Loss_G: 6.5404	D(x): 0.8900	D(G(z)): 0.0075
7716.9s 267 [12/20][19900/20579]	Loss_D: 0.1587	Loss_G: 4.3504	D(x): 0.9652	D(G(z)): 0.0726
7750.2s 268 [12/20][20000/20579]	Loss_D: 0.3735	Loss_G: 4.4191	D(x): 0.9850	D(G(z)): 0.2258
7784.1s 269 [12/20][20100/20579]	Loss_D: 0.0509	Loss_G: 5.0223	D(x): 0.9938	D(G(z)): 0.0308
7818.3s 270 [12/20][20200/20579]	Loss_D: 0.2383	Loss_G: 4.8808	D(x): 0.9718	D(G(z)): 0.1399
7853.1s 271 [12/20][20300/20579]	Loss_D: 0.1663	Loss_G: 5.2949	D(x): 0.9405	D(G(z)): 0.0624
7891.6s 272 [12/20][20400/20579]	Loss_D: 0.6687	Loss_G: 4.8975	D(x): 0.6571	D(G(z)): 0.0174
7924.3s 273 [12/20][20500/20579]	Loss_D: 0.0965	Loss_G: 6.5750	D(x): 0.9833	D(G(z)): 0.0635
7949.7s 274 0.9463902357576333 12
7949.7s 275 Time for EPOCH: 8.834
7958.3s 276 [13/20][20600/22162]	Loss_D: 0.2497	Loss_G: 6.6075	D(x): 0.9839	D(G(z)): 0.1442
7991.2s 277 [13/20][20700/22162]	Loss_D: 0.3044	Loss_G: 4.1289	D(x): 0.9254	D(G(z)): 0.1461
8025.1s 278 [13/20][20800/22162]	Loss_D: 0.4516	Loss_G: 4.3412	D(x): 0.8292	D(G(z)): 0.1053
8062.0s 279 [13/20][20900/22162]	Loss_D: 0.1605	Loss_G: 5.7723	D(x): 0.9824	D(G(z)): 0.1043
8098.3s 280 [13/20][21000/22162]	Loss_D: 0.3460	Loss_G: 10.0934	D(x): 0.8012	D(G(z)): 0.0011
8131.8s 281 [13/20][21100/22162]	Loss_D: 0.6475	Loss_G: 6.1570	D(x): 0.9932	D(G(z)): 0.3485
8164.8s 282 [13/20][21200/22162]	Loss_D: 0.2002	Loss_G: 5.9611	D(x): 0.9930	D(G(z)): 0.1080
8197.6s 283 [13/20][21300/22162]	Loss_D: 0.3534	Loss_G: 4.7199	D(x): 0.8815	D(G(z)): 0.1373
8230.3s 284 [13/20][21400/22162]	Loss_D: 0.1200	Loss_G: 4.6791	D(x): 0.9650	D(G(z)): 0.0607
8263.3s 285 [13/20][21500/22162]	Loss_D: 0.3363	Loss_G: 4.3109	D(x): 0.9880	D(G(z)): 0.2269
8298.3s 286 [13/20][21600/22162]	Loss_D: 0.0504	Loss_G: 7.7013	D(x): 0.9767	D(G(z)): 0.0175
8335.4s 287 [13/20][21700/22162]	Loss_D: 0.3209	Loss_G: 5.5665	D(x): 0.8250	D(G(z)): 0.0077
8368.3s 288 [13/20][21800/22162]	Loss_D: 0.2615	Loss_G: 4.2938	D(x): 0.9924	D(G(z)): 0.1641
8400.8s 289 [13/20][21900/22162]	Loss_D: 0.3349	Loss_G: 4.5713	D(x): 0.9969	D(G(z)): 0.2059
8434.3s 290 [13/20][22000/22162]	Loss_D: 0.2224	Loss_G: 3.9604	D(x): 0.9799	D(G(z)): 0.1338
8467.8s 291 [13/20][22100/22162]	Loss_D: 0.3615	Loss_G: 2.2681	D(x): 0.8434	D(G(z)): 0.0913
8488.7s 292 0.9398298683495071 13
8488.7s 293 Time for EPOCH: 8.950
8502.5s 294 [14/20][22200/23745]	Loss_D: 0.2492	Loss_G: 4.9047	D(x): 0.9929	D(G(z)): 0.1692
8535.1s 295 [14/20][22300/23745]	Loss_D: 0.2184	Loss_G: 4.6168	D(x): 0.9970	D(G(z)): 0.1432
8568.3s 296 [14/20][22400/23745]	Loss_D: 0.1006	Loss_G: 4.0357	D(x): 0.9741	D(G(z)): 0.0599
8601.7s 297 [14/20][22500/23745]	Loss_D: 0.0726	Loss_G: 6.3754	D(x): 0.9459	D(G(z)): 0.0116
8634.2s 298 [14/20][22600/23745]	Loss_D: 0.1380	Loss_G: 7.8318	D(x): 0.9027	D(G(z)): 0.0019
8666.8s 299 [14/20][22700/23745]	Loss_D: 0.2187	Loss_G: 4.3938	D(x): 0.9975	D(G(z)): 0.1456
8699.6s 300 [14/20][22800/23745]	Loss_D: 0.0887	Loss_G: 4.8518	D(x): 0.9823	D(G(z)): 0.0528
8732.5s 301 [14/20][22900/23745]	Loss_D: 0.1855	Loss_G: 7.1337	D(x): 0.8976	D(G(z)): 0.0108
8765.2s 302 [14/20][23000/23745]	Loss_D: 0.2593	Loss_G: 5.9447	D(x): 0.8366	D(G(z)): 0.0134
8798.0s 303 [14/20][23100/23745]	Loss_D: 0.0826	Loss_G: 5.3719	D(x): 0.9904	D(G(z)): 0.0534
8830.8s 304 [14/20][23200/23745]	Loss_D: 0.2245	Loss_G: 4.8334	D(x): 0.9796	D(G(z)): 0.1392
8863.5s 305 [14/20][23300/23745]	Loss_D: 0.1276	Loss_G: 7.6565	D(x): 0.9258	D(G(z)): 0.0122
8896.4s 306 [14/20][23400/23745]	Loss_D: 0.1868	Loss_G: 7.0419	D(x): 0.8946	D(G(z)): 0.0222
8929.2s 307 [14/20][23500/23745]	Loss_D: 0.3910	Loss_G: 4.6117	D(x): 0.8495	D(G(z)): 0.0871
8961.9s 308 [14/20][23600/23745]	Loss_D: 0.3703	Loss_G: 5.0761	D(x): 0.9758	D(G(z)): 0.2078
8994.8s 309 [14/20][23700/23745]	Loss_D: 0.1939	Loss_G: 5.2391	D(x): 0.9343	D(G(z)): 0.0915
9009.2s 310 0.9381146950758229 14
9009.2s 311 Time for EPOCH: 8.651
9029.1s 312 [15/20][23800/25328]	Loss_D: 0.1494	Loss_G: 6.8409	D(x): 0.9047	D(G(z)): 0.0122
9061.6s 313 [15/20][23900/25328]	Loss_D: 0.0416	Loss_G: 5.7429	D(x): 0.9919	D(G(z)): 0.0303
9094.3s 314 [15/20][24000/25328]	Loss_D: 0.0598	Loss_G: 6.5168	D(x): 0.9639	D(G(z)): 0.0186
9127.0s 315 [15/20][24100/25328]	Loss_D: 0.0876	Loss_G: 5.4396	D(x): 0.9586	D(G(z)): 0.0336
9159.8s 316 [15/20][24200/25328]	Loss_D: 0.6513	Loss_G: 4.0837	D(x): 0.9897	D(G(z)): 0.3653
9192.4s 317 [15/20][24300/25328]	Loss_D: 0.2129	Loss_G: 5.8012	D(x): 0.8694	D(G(z)): 0.0201
9225.0s 318 [15/20][24400/25328]	Loss_D: 0.1087	Loss_G: 7.0212	D(x): 0.9233	D(G(z)): 0.0121
9259.7s 319 [15/20][24500/25328]	Loss_D: 0.0628	Loss_G: 5.9505	D(x): 0.9799	D(G(z)): 0.0359
9295.6s 320 [15/20][24600/25328]	Loss_D: 0.1903	Loss_G: 9.2435	D(x): 0.8733	D(G(z)): 0.0025
9328.9s 321 [15/20][24700/25328]	Loss_D: 0.2286	Loss_G: 5.0407	D(x): 0.8714	D(G(z)): 0.0292
9362.2s 322 [15/20][24800/25328]	Loss_D: 0.1514	Loss_G: 5.9703	D(x): 0.8986	D(G(z)): 0.0141
9395.9s 323 [15/20][24900/25328]	Loss_D: 0.1150	Loss_G: 6.0188	D(x): 0.9717	D(G(z)): 0.0674
9429.1s 324 [15/20][25000/25328]	Loss_D: 0.2221	Loss_G: 5.1964	D(x): 0.9954	D(G(z)): 0.1475
9461.7s 325 [15/20][25100/25328]	Loss_D: 0.3070	Loss_G: 6.2826	D(x): 0.9940	D(G(z)): 0.1731
9494.5s 326 [15/20][25200/25328]	Loss_D: 0.1820	Loss_G: 2.9212	D(x): 0.9119	D(G(z)): 0.0367
9527.0s 327 [15/20][25300/25328]	Loss_D: 0.0417	Loss_G: 5.9523	D(x): 0.9713	D(G(z)): 0.0083
9535.8s 328 0.9375674343849588 15
9535.8s 329 Time for EPOCH: 8.747
9561.0s 330 [16/20][25400/26911]	Loss_D: 0.6491	Loss_G: 4.1265	D(x): 0.9948	D(G(z)): 0.3386
9593.8s 331 [16/20][25500/26911]	Loss_D: 0.1361	Loss_G: 5.0781	D(x): 0.9755	D(G(z)): 0.0876
9626.5s 332 [16/20][25600/26911]	Loss_D: 0.0955	Loss_G: 4.2186	D(x): 0.9297	D(G(z)): 0.0129
9658.9s 333 [16/20][25700/26911]	Loss_D: 0.0811	Loss_G: 4.6442	D(x): 0.9781	D(G(z)): 0.0470
9691.5s 334 [16/20][25800/26911]	Loss_D: 0.1641	Loss_G: 5.9334	D(x): 0.9467	D(G(z)): 0.0674
9724.8s 335 [16/20][25900/26911]	Loss_D: 0.0586	Loss_G: 6.3925	D(x): 0.9650	D(G(z)): 0.0131
9760.5s 336 [16/20][26000/26911]	Loss_D: 0.2861	Loss_G: 3.7914	D(x): 0.8672	D(G(z)): 0.0587
9794.8s 337 [16/20][26100/26911]	Loss_D: 0.0478	Loss_G: 3.9751	D(x): 0.9883	D(G(z)): 0.0328
9827.4s 338 [16/20][26200/26911]	Loss_D: 0.2008	Loss_G: 5.1214	D(x): 0.8740	D(G(z)): 0.0318
9860.1s 339 [16/20][26300/26911]	Loss_D: 0.1296	Loss_G: 4.8711	D(x): 0.9372	D(G(z)): 0.0433
9892.7s 340 [16/20][26400/26911]	Loss_D: 0.3243	Loss_G: 4.1108	D(x): 0.8223	D(G(z)): 0.0496
9925.1s 341 [16/20][26500/26911]	Loss_D: 0.4981	Loss_G: 3.5012	D(x): 0.9712	D(G(z)): 0.2563
9958.0s 342 [16/20][26600/26911]	Loss_D: 0.2069	Loss_G: 3.9963	D(x): 0.9336	D(G(z)): 0.0812
9991.4s 343 [16/20][26700/26911]	Loss_D: 0.1325	Loss_G: 3.7438	D(x): 0.9166	D(G(z)): 0.0243
10025.1s 344 [16/20][26800/26911]	Loss_D: 0.2169	Loss_G: 4.4344	D(x): 0.9482	D(G(z)): 0.1164
10057.8s 345 [16/20][26900/26911]	Loss_D: 0.0660	Loss_G: 8.0090	D(x): 0.9516	D(G(z)): 0.0043
10061.7s 346 0.9317306421133165 16
10061.7s 347 Time for EPOCH: 8.730
10093.3s 348 [17/20][27000/28494]	Loss_D: 0.2041	Loss_G: 5.4636	D(x): 0.8723	D(G(z)): 0.0172
10127.7s 349 [17/20][27100/28494]	Loss_D: 0.0724	Loss_G: 4.5827	D(x): 0.9934	D(G(z)): 0.0559
10160.7s 350 [17/20][27200/28494]	Loss_D: 0.2065	Loss_G: 4.7821	D(x): 0.8833	D(G(z)): 0.0363
10193.6s 351 [17/20][27300/28494]	Loss_D: 0.2018	Loss_G: 6.7398	D(x): 0.8622	D(G(z)): 0.0209
10226.6s 352 [17/20][27400/28494]	Loss_D: 0.0977	Loss_G: 4.2637	D(x): 0.9948	D(G(z)): 0.0755
10259.4s 353 [17/20][27500/28494]	Loss_D: 0.2459	Loss_G: 4.6485	D(x): 0.9786	D(G(z)): 0.1435
10292.6s 354 [17/20][27600/28494]	Loss_D: 0.1086	Loss_G: 4.1263	D(x): 0.9505	D(G(z)): 0.0377
10325.8s 355 [17/20][27700/28494]	Loss_D: 0.2144	Loss_G: 5.1700	D(x): 0.9696	D(G(z)): 0.1272
10358.7s 356 [17/20][27800/28494]	Loss_D: 0.1893	Loss_G: 5.6098	D(x): 0.9363	D(G(z)): 0.0784
10391.5s 357 [17/20][27900/28494]	Loss_D: 0.4360	Loss_G: 4.2285	D(x): 0.9967	D(G(z)): 0.2701
10424.4s 358 [17/20][28000/28494]	Loss_D: 0.1734	Loss_G: 6.4932	D(x): 0.9132	D(G(z)): 0.0402
10457.8s 359 [17/20][28100/28494]	Loss_D: 0.3290	Loss_G: 7.2779	D(x): 0.8253	D(G(z)): 0.0330
10490.8s 360 [17/20][28200/28494]	Loss_D: 0.1173	Loss_G: 6.5080	D(x): 0.9382	D(G(z)): 0.0184
10523.7s 361 [17/20][28300/28494]	Loss_D: 0.3756	Loss_G: 3.5690	D(x): 0.7825	D(G(z)): 0.0217
10556.7s 362 [17/20][28400/28494]	Loss_D: 0.0774	Loss_G: 3.2758	D(x): 0.9846	D(G(z)): 0.0530
10588.1s 363 0.935195609060075 17
10588.1s 364 Time for EPOCH: 8.744
10591.4s 365 [18/20][28500/30077]	Loss_D: 0.1042	Loss_G: 6.0386	D(x): 0.9349	D(G(z)): 0.0196
10624.8s 366 [18/20][28600/30077]	Loss_D: 0.0194	Loss_G: 7.2737	D(x): 0.9922	D(G(z)): 0.0104
10657.7s 367 [18/20][28700/30077]	Loss_D: 0.1737	Loss_G: 3.2126	D(x): 0.9511	D(G(z)): 0.0953
10690.5s 368 [18/20][28800/30077]	Loss_D: 0.3145	Loss_G: 5.8769	D(x): 0.8075	D(G(z)): 0.0250
10723.6s 369 [18/20][28900/30077]	Loss_D: 0.1569	Loss_G: 5.2569	D(x): 0.9798	D(G(z)): 0.1028
10756.5s 370 [18/20][29000/30077]	Loss_D: 0.1132	Loss_G: 2.8080	D(x): 0.9870	D(G(z)): 0.0808
10789.8s 371 [18/20][29100/30077]	Loss_D: 0.1459	Loss_G: 5.5588	D(x): 0.9210	D(G(z)): 0.0153
10824.1s 372 [18/20][29200/30077]	Loss_D: 0.2111	Loss_G: 4.6078	D(x): 0.8951	D(G(z)): 0.0417
10857.3s 373 [18/20][29300/30077]	Loss_D: 0.1038	Loss_G: 4.9664	D(x): 0.9638	D(G(z)): 0.0435
10890.2s 374 [18/20][29400/30077]	Loss_D: 0.2744	Loss_G: 5.1509	D(x): 0.8406	D(G(z)): 0.0137
10924.6s 375 [18/20][29500/30077]	Loss_D: 0.1159	Loss_G: 7.5666	D(x): 0.9133	D(G(z)): 0.0045
10959.0s 376 [18/20][29600/30077]	Loss_D: 0.0644	Loss_G: 4.7455	D(x): 0.9949	D(G(z)): 0.0496
10991.8s 377 [18/20][29700/30077]	Loss_D: 0.0817	Loss_G: 3.9080	D(x): 0.9964	D(G(z)): 0.0531
11024.9s 378 [18/20][29800/30077]	Loss_D: 0.1990	Loss_G: 4.9072	D(x): 0.9605	D(G(z)): 0.1030
11057.5s 379 [18/20][29900/30077]	Loss_D: 0.0854	Loss_G: 9.1921	D(x): 0.9399	D(G(z)): 0.0031
11090.4s 380 [18/20][30000/30077]	Loss_D: 0.1435	Loss_G: 4.7804	D(x): 0.9447	D(G(z)): 0.0558
11115.5s 381 0.9360022932925014 18
11115.5s 382 Time for EPOCH: 8.768
11124.5s 383 [19/20][30100/31660]	Loss_D: 0.1203	Loss_G: 6.9860	D(x): 0.9180	D(G(z)): 0.0128
11157.6s 384 [19/20][30200/31660]	Loss_D: 0.0727	Loss_G: 7.3672	D(x): 0.9462	D(G(z)): 0.0089
11190.7s 385 [19/20][30300/31660]	Loss_D: 0.1686	Loss_G: 4.8308	D(x): 0.9160	D(G(z)): 0.0397
11224.5s 386 [19/20][30400/31660]	Loss_D: 0.3098	Loss_G: 3.3231	D(x): 0.8709	D(G(z)): 0.1031
11257.8s 387 [19/20][30500/31660]	Loss_D: 0.5194	Loss_G: 3.0140	D(x): 0.7419	D(G(z)): 0.0961
11291.2s 388 [19/20][30600/31660]	Loss_D: 0.1570	Loss_G: 5.1553	D(x): 0.9641	D(G(z)): 0.0817
11324.0s 389 [19/20][30700/31660]	Loss_D: 0.0801	Loss_G: 8.8751	D(x): 0.9356	D(G(z)): 0.0039
11356.9s 390 [19/20][30800/31660]	Loss_D: 0.0708	Loss_G: 4.8838	D(x): 0.9948	D(G(z)): 0.0531
11389.6s 391 [19/20][30900/31660]	Loss_D: 0.1264	Loss_G: 5.0180	D(x): 0.9268	D(G(z)): 0.0301
11422.1s 392 [19/20][31000/31660]	Loss_D: 0.3380	Loss_G: 1.8627	D(x): 0.8813	D(G(z)): 0.1034
11456.0s 393 [19/20][31100/31660]	Loss_D: 0.3984	Loss_G: 4.7279	D(x): 0.7814	D(G(z)): 0.0119
11488.7s 394 [19/20][31200/31660]	Loss_D: 0.2179	Loss_G: 4.2899	D(x): 0.9982	D(G(z)): 0.1401
11521.1s 395 [19/20][31300/31660]	Loss_D: 0.1719	Loss_G: 6.9520	D(x): 0.8807	D(G(z)): 0.0070
11553.9s 396 [19/20][31400/31660]	Loss_D: 0.0600	Loss_G: 7.5663	D(x): 0.9758	D(G(z)): 0.0267
11586.8s 397 [19/20][31500/31660]	Loss_D: 0.0616	Loss_G: 4.2332	D(x): 0.9764	D(G(z)): 0.0291
11619.4s 398 [19/20][31600/31660]	Loss_D: 0.1742	Loss_G: 6.1887	D(x): 0.8912	D(G(z)): 0.0188
11638.7s 399 0.9367595419193695 19
11638.7s 400 Time for EPOCH: 8.697
11660.1s 401 adding: kaggle/working/ (stored 0%)
11660.1s 402 adding: kaggle/working/Testvariable_noise/ (stored 0%)
11660.1s 403 adding: kaggle/working/Testvariable_noise/Epoch_16.png (deflated 0%)
11660.1s 404 adding: kaggle/working/Testvariable_noise/Epoch_11.png (deflated 0%)
11660.1s 405 adding: kaggle/working/Testvariable_noise/Epoch_20.png (deflated 1%)
11660.1s 406 adding: kaggle/working/Testvariable_noise/Epoch_3.png (deflated 0%)
11660.1s 407 adding: kaggle/working/Testvariable_noise/Epoch_17.png (deflated 0%)
11660.2s 408 adding: kaggle/working/Testvariable_noise/Epoch_7.png (deflated 0%)
11660.2s 409 adding: kaggle/working/Testvariable_noise/Epoch_9.png (deflated 0%)
11660.2s 410 adding: kaggle/working/Testvariable_noise/Epoch_4.png (deflated 0%)
11660.2s 411 adding: kaggle/working/Testvariable_noise/Epoch_12.png (deflated 0%)
11660.2s 412 adding: kaggle/working/Testvariable_noise/Epoch_13.png (deflated 0%)
11660.2s 413 adding: kaggle/working/Testvariable_noise/Epoch_6.png (deflated 0%)
11660.2s 414 adding: kaggle/working/Testvariable_noise/Epoch_14.png (deflated 0%)
11660.2s 415 adding: kaggle/working/Testvariable_noise/Epoch_19.png (deflated 1%)
11660.2s 416 adding: kaggle/working/Testvariable_noise/Epoch_5.png (deflated 0%)
11660.2s 417 adding: kaggle/working/Testvariable_noise/Epoch_1.png (deflated 0%)
11660.2s 418 adding: kaggle/working/Testvariable_noise/Epoch_8.png (deflated 0%)
11660.2s 419 adding: kaggle/working/Testvariable_noise/Epoch_2.png (deflated 0%)
11660.2s 420 adding: kaggle/working/Testvariable_noise/Epoch_10.png (deflated 0%)
11660.2s 421 adding: kaggle/working/Testvariable_noise/Epoch_15.png (deflated 0%)
11660.2s 422 adding: kaggle/working/Testvariable_noise/Epoch_18.png (deflated 0%)
11660.7s 423 adding: kaggle/working/__notebook__.ipynb (deflated 25%)
11660.7s 424 adding: kaggle/working/model/ (stored 0%)
11661.3s 425 adding: kaggle/working/model/epoch14_d.txt (deflated 7%)
11662.1s 426 adding: kaggle/working/model/epoch18_g.txt (deflated 7%)
11662.6s 427 adding: kaggle/working/model/epoch10_d.txt (deflated 7%)
11663.3s 428 adding: kaggle/working/model/epoch8_d.txt (deflated 7%)
11664.0s 429 adding: kaggle/working/model/epoch16_g.txt (deflated 7%)
11664.7s 430 adding: kaggle/working/model/epoch12_g.txt (deflated 7%)
11665.6s 431 adding: kaggle/working/model/epoch2_g.txt (deflated 7%)
11666.3s 432 adding: kaggle/working/model/epoch19_g.txt (deflated 7%)
11666.8s 433 adding: kaggle/working/model/epoch16_d.txt (deflated 7%)
11667.5s 434 adding: kaggle/working/model/epoch0_g.txt (deflated 7%)
11668.1s 435 adding: kaggle/working/model/epoch2_d.txt (deflated 7%)
11668.6s 436 adding: kaggle/working/model/epoch4_d.txt (deflated 7%)
11669.4s 437 adding: kaggle/working/model/epoch4_g.txt (deflated 7%)
11669.9s 438 adding: kaggle/working/model/epoch12_d.txt (deflated 7%)
11670.5s 439 adding: kaggle/working/model/epoch19_d.txt (deflated 7%)
11671.2s 440 adding: kaggle/working/model/epoch10_g.txt (deflated 7%)
11671.8s 441 adding: kaggle/working/model/epoch6_d.txt (deflated 7%)
11672.5s 442 adding: kaggle/working/model/epoch6_g.txt (deflated 7%)
11673.2s 443 adding: kaggle/working/model/epoch14_g.txt (deflated 7%)
11673.9s 444 adding: kaggle/working/model/epoch18_d.txt (deflated 7%)
11674.7s 445 adding: kaggle/working/model/epoch8_g.txt (deflated 7%)
11675.3s 446 adding: kaggle/working/model/epoch0_d.txt (deflated 7%)
11675.3s 447 adding: kaggle/working/Testfixed_noise/ (stored 0%)
11675.3s 448 adding: kaggle/working/Testfixed_noise/Epoch_16.png (deflated 0%)
11675.3s 449 adding: kaggle/working/Testfixed_noise/Epoch_11.png (deflated 0%)
11675.3s 450 adding: kaggle/working/Testfixed_noise/Epoch_20.png (deflated 0%)
11675.3s 451 adding: kaggle/working/Testfixed_noise/Epoch_3.png (deflated 0%)
11675.3s 452 adding: kaggle/working/Testfixed_noise/Epoch_17.png (deflated 0%)
11675.3s 453 adding: kaggle/working/Testfixed_noise/Epoch_7.png (deflated 0%)
11675.3s 454 adding: kaggle/working/Testfixed_noise/Epoch_9.png (deflated 0%)
11675.3s 455 adding: kaggle/working/Testfixed_noise/Epoch_4.png (deflated 0%)
11675.3s 456 adding: kaggle/working/Testfixed_noise/Epoch_12.png (deflated 0%)
11675.3s 457 adding: kaggle/working/Testfixed_noise/Epoch_13.png (deflated 0%)
11675.3s 458 adding: kaggle/working/Testfixed_noise/Epoch_6.png (deflated 0%)
11675.3s 459 adding: kaggle/working/Testfixed_noise/Epoch_14.png (deflated 0%)
11675.4s 460 adding: kaggle/working/Testfixed_noise/Epoch_19.png (deflated 0%)
11675.4s 461 adding: kaggle/working/Testfixed_noise/Epoch_5.png (deflated 0%)
11675.4s 462 adding: kaggle/working/Testfixed_noise/Epoch_1.png (deflated 0%)
11675.4s 463 adding: kaggle/working/Testfixed_noise/Epoch_8.png (deflated 0%)
11675.4s 464 adding: kaggle/working/Testfixed_noise/Epoch_2.png (deflated 0%)
11675.4s 465 adding: kaggle/working/Testfixed_noise/Epoch_10.png (deflated 0%)
11675.4s 466 adding: kaggle/working/Testfixed_noise/Epoch_15.png (deflated 0%)
11675.4s 467 adding: kaggle/working/Testfixed_noise/Epoch_18.png (deflated 0%)
11675.4s 468 adding: kaggle/working/runs/ (stored 0%)
11675.4s 469 adding: kaggle/working/runs/Feb15_08-55-10_2d0ef9b1c940/ (stored 0%)
11675.7s 470 adding: kaggle/working/runs/Feb15_08-55-10_2d0ef9b1c940/events.out.tfevents.1644915314.2d0ef9b1c940.23.0 (deflated 70%)
11693.2s 471 /opt/conda/lib/python3.7/site-packages/traitlets/traitlets.py:2567: FutureWarning: --Exporter.preprocessors=["remove_papermill_header.RemovePapermillHeader"] for containers is deprecated in traitlets 5.0. You can pass `--Exporter.preprocessors item` ... multiple times to add items to a list.
11693.2s 472 FutureWarning,
11693.2s 473 [NbConvertApp] Converting notebook __notebook__.ipynb to notebook
11694.4s 474 [NbConvertApp] Writing 9719683 bytes to __notebook__.ipynb
11696.9s 475 /opt/conda/lib/python3.7/site-packages/traitlets/traitlets.py:2567: FutureWarning: --Exporter.preprocessors=["nbconvert.preprocessors.ExtractOutputPreprocessor"] for containers is deprecated in traitlets 5.0. You can pass `--Exporter.preprocessors item` ... multiple times to add items to a list.
11696.9s 476 FutureWarning,
11696.9s 477 [NbConvertApp] Converting notebook __notebook__.ipynb to html
11698.1s 478 [NbConvertApp] Support files will be in __results___files/
11698.1s 479 [NbConvertApp] Making directory __results___files
11698.1s 480 [NbConvertApp] Making directory __results___files
11698.1s 481 [NbConvertApp] Making directory __results___files
11698.1s 482 [NbConvertApp] Making directory __results___files
11698.1s 483 [NbConvertApp] Making directory __results___files
11698.1s 484 [NbConvertApp] Making directory __results___files
11698.1s 485 [NbConvertApp] Making directory __results___files
11698.1s 486 [NbConvertApp] Making directory __results___files
11698.1s 487 [NbConvertApp] Making directory __results___files
11698.1s 488 [NbConvertApp] Making directory __results___files
11698.1s 489 [NbConvertApp] Making directory __results___files
11698.1s 490 [NbConvertApp] Making directory __results___files
11698.1s 491 [NbConvertApp] Making directory __results___files
11698.1s 492 [NbConvertApp] Making directory __results___files
11698.1s 493 [NbConvertApp] Making directory __results___files
11698.1s 494 [NbConvertApp] Making directory __results___files
11698.1s 495 [NbConvertApp] Making directory __results___files
11698.1s 496 [NbConvertApp] Making directory __results___files
11698.1s 497 [NbConvertApp] Making directory __results___files
11698.1s 498 [NbConvertApp] Making directory __results___files
11698.1s 499 [NbConvertApp] Making directory __results___files
11698.1s 500 [NbConvertApp] Making directory __results___files
11698.1s 501 [NbConvertApp] Making directory __results___files
11698.1s 502 [NbConvertApp] Making directory __results___files
11698.1s 503 [NbConvertApp] Making directory __results___files
11698.1s 504 [NbConvertApp] Making directory __results___files
11698.1s 505 [NbConvertApp] Making directory __results___files
11698.1s 506 [NbConvertApp] Making directory __results___files
11698.1s 507 [NbConvertApp] Making directory __results___files
11698.1s 508 [NbConvertApp] Making directory __results___files
11698.1s 509 [NbConvertApp] Making directory __results___files
11698.1s 510 [NbConvertApp] Making directory __results___files
11698.1s 511 [NbConvertApp] Making directory __results___files
11698.1s 512 [NbConvertApp] Making directory __results___files
11698.1s 513 [NbConvertApp] Making directory __results___files
11698.1s 514 [NbConvertApp] Making directory __results___files
11698.1s 515 [NbConvertApp] Making directory __results___files
11698.1s 516 [NbConvertApp] Making directory __results___files
11698.1s 517 [NbConvertApp] Making directory __results___files
11698.1s 518 [NbConvertApp] Making directory __results___files
11698.1s 519 [NbConvertApp] Making directory __results___files
11698.1s 520 [NbConvertApp] Making directory __results___files
11698.1s 521 [NbConvertApp] Writing 396934 bytes to __results__.html